2026-02-28 20:17:35,046 - app - INFO - Database connected successfully
2026-02-28 20:17:35,831 - app - INFO - Database connected successfully
2026-02-28 20:23:08,790 - app - INFO - Database connected successfully
2026-02-28 20:23:09,597 - app - INFO - Database connected successfully
2026-02-28 20:25:29,304 - app - INFO - Database connected successfully
2026-02-28 20:25:29,920 - app - INFO - Database connected successfully
2026-02-28 20:30:11,014 - app.services.auth_service - INFO - User logged in: mayur@test.com
2026-02-28 20:30:11,014 - app.services.auth_service - INFO - User logged in: mayur@test.com
2026-02-28 21:30:10,926 - app - INFO - Database connected successfully
2026-02-28 21:30:28,784 - app - INFO - Database connected successfully
2026-02-28 21:32:10,736 - app - INFO - Database connected successfully
2026-02-28 21:32:28,199 - app - INFO - Database connected successfully
2026-02-28 21:32:48,853 - app - INFO - Database connected successfully
2026-02-28 21:33:11,388 - app - INFO - Database connected successfully
2026-02-28 21:33:17,968 - app - INFO - Database connected successfully
2026-02-28 21:33:19,205 - app - INFO - Database connected successfully
2026-02-28 21:33:28,258 - app.services.auth_service - INFO - User logged in: mayur@test.com
2026-02-28 21:33:28,258 - app.services.auth_service - INFO - User logged in: mayur@test.com
2026-02-28 21:36:11,354 - app.services.auth_service - INFO - User registered: test@example.com
2026-02-28 21:36:11,354 - app.services.auth_service - INFO - User registered: test@example.com
2026-02-28 21:37:43,283 - app.services.auth_service - INFO - User logged in: test@example.com
2026-02-28 21:37:43,283 - app.services.auth_service - INFO - User logged in: test@example.com
2026-02-28 21:40:11,219 - app - INFO - Database connected successfully
2026-02-28 21:42:06,339 - app.services.auth_service - INFO - User registered: driver@test.com
2026-02-28 21:42:06,339 - app.services.auth_service - INFO - User registered: driver@test.com
2026-02-28 21:43:05,922 - app.services.auth_service - INFO - User logged in: driver@test.com
2026-02-28 21:43:05,922 - app.services.auth_service - INFO - User logged in: driver@test.com
2026-02-28 21:47:39,703 - app - INFO - Database connected successfully
2026-02-28 21:47:40,350 - app - INFO - Database connected successfully
2026-02-28 21:47:53,436 - app.services.auth_service - INFO - User logged in: driver@test.com
2026-02-28 21:47:53,436 - app.services.auth_service - INFO - User logged in: driver@test.com
2026-02-28 21:58:11,131 - app.services.ride_service - INFO - Ride requested: 2 by user 5
2026-02-28 21:58:11,131 - app.services.ride_service - INFO - Ride requested: 2 by user 5
2026-02-28 21:58:47,908 - app.services.ride_service - ERROR - Accept ride error: ('23000', '[23000] [Microsoft][ODBC Driver 18 for SQL Server][SQL Server]The UPDATE statement conflicted with the FOREIGN KEY constraint "FK__Rides__driver_id__5CD6CB2B". The conflict occurred in database "CabBookingDB", table "dbo.Drivers", column \'driver_id\'. (547) (SQLExecDirectW); [23000] [Microsoft][ODBC Driver 18 for SQL Server][SQL Server]The statement has been terminated. (3621)')
2026-02-28 21:58:47,908 - app.services.ride_service - ERROR - Accept ride error: ('23000', '[23000] [Microsoft][ODBC Driver 18 for SQL Server][SQL Server]The UPDATE statement conflicted with the FOREIGN KEY constraint "FK__Rides__driver_id__5CD6CB2B". The conflict occurred in database "CabBookingDB", table "dbo.Drivers", column \'driver_id\'. (547) (SQLExecDirectW); [23000] [Microsoft][ODBC Driver 18 for SQL Server][SQL Server]The statement has been terminated. (3621)')
2026-03-01 13:53:50,861 - app - INFO - Database connected successfully
2026-03-01 13:53:51,749 - app - INFO - Database connected successfully
2026-03-01 13:54:39,444 - app.services.auth_service - INFO - User logged in: driver@test.com
2026-03-01 13:54:39,444 - app.services.auth_service - INFO - User logged in: driver@test.com
2026-03-01 14:01:10,931 - app.services.auth_service - INFO - User registered: sachin@test.com
2026-03-01 14:01:10,931 - app.services.auth_service - INFO - User registered: sachin@test.com
2026-03-01 14:02:10,203 - app.services.auth_service - INFO - User logged in: sachin@test.com
2026-03-01 14:02:10,203 - app.services.auth_service - INFO - User logged in: sachin@test.com
2026-03-01 14:03:31,485 - app.services.ride_service - INFO - Ride requested: 3 by user 5
2026-03-01 14:03:31,485 - app.services.ride_service - INFO - Ride requested: 3 by user 5
2026-03-01 14:17:19,931 - app.services.ride_service - ERROR - Accept ride error: ('23000', '[23000] [Microsoft][ODBC Driver 18 for SQL Server][SQL Server]The UPDATE statement conflicted with the FOREIGN KEY constraint "FK__Rides__driver_id__5CD6CB2B". The conflict occurred in database "CabBookingDB", table "dbo.Drivers", column \'driver_id\'. (547) (SQLExecDirectW); [23000] [Microsoft][ODBC Driver 18 for SQL Server][SQL Server]The statement has been terminated. (3621)')
2026-03-01 14:17:19,931 - app.services.ride_service - ERROR - Accept ride error: ('23000', '[23000] [Microsoft][ODBC Driver 18 for SQL Server][SQL Server]The UPDATE statement conflicted with the FOREIGN KEY constraint "FK__Rides__driver_id__5CD6CB2B". The conflict occurred in database "CabBookingDB", table "dbo.Drivers", column \'driver_id\'. (547) (SQLExecDirectW); [23000] [Microsoft][ODBC Driver 18 for SQL Server][SQL Server]The statement has been terminated. (3621)')
2026-03-01 14:19:58,331 - app - INFO - Database connected successfully
2026-03-01 14:19:59,077 - app - INFO - Database connected successfully
2026-03-01 14:20:08,969 - app.services.ride_service - INFO - Ride 1 accepted by driver 1
2026-03-01 14:20:08,969 - app.services.ride_service - INFO - Ride 1 accepted by driver 1
2026-03-01 14:21:02,872 - app.services.ride_service - INFO - Ride 1 completed
2026-03-01 14:21:02,872 - app.services.ride_service - INFO - Ride 1 completed
2026-03-01 15:09:43,395 - app.services.auth_service - INFO - User logged in: sachin@test.com
2026-03-01 15:09:43,395 - app.services.auth_service - INFO - User logged in: sachin@test.com
2026-03-01 15:11:58,112 - app.services.ride_service - INFO - Ride requested: 4 by user 6
2026-03-01 15:11:58,112 - app.services.ride_service - INFO - Ride requested: 4 by user 6
2026-03-01 15:12:33,811 - app.services.auth_service - INFO - User logged in: driver@test.com
2026-03-01 15:12:33,811 - app.services.auth_service - INFO - User logged in: driver@test.com
2026-03-01 15:12:57,629 - app.services.auth_service - INFO - User logged in: driver@test.com
2026-03-01 15:12:57,629 - app.services.auth_service - INFO - User logged in: driver@test.com
2026-03-01 15:15:05,793 - app.services.ride_service - INFO - Ride 4 accepted by driver 1
2026-03-01 15:15:05,793 - app.services.ride_service - INFO - Ride 4 accepted by driver 1
2026-03-01 15:15:32,418 - app.services.eco_service - INFO - Eco score updated for user 6: +240
2026-03-01 15:15:32,418 - app.services.eco_service - INFO - Eco score updated for user 6: +240
2026-03-01 15:15:32,419 - app.services.ride_service - INFO - Ride 4 completed
2026-03-01 15:15:32,419 - app.services.ride_service - INFO - Ride 4 completed
2026-03-01 15:45:11,186 - app - INFO - Database connected successfully
2026-03-01 15:45:12,010 - app - INFO - Database connected successfully
2026-03-01 15:46:54,153 - app.services.auth_service - INFO - User logged in: sachin@test.com
2026-03-01 15:46:54,153 - app.services.auth_service - INFO - User logged in: sachin@test.com
2026-03-01 15:47:20,909 - app.services.ride_service - INFO - Ride requested: 5 by user 6
2026-03-01 15:47:20,909 - app.services.ride_service - INFO - Ride requested: 5 by user 6
2026-03-01 15:48:29,231 - app.services.auth_service - INFO - User logged in: driver@test.com
2026-03-01 15:48:29,231 - app.services.auth_service - INFO - User logged in: driver@test.com
2026-03-01 15:48:32,944 - app.routes.driver_routes - INFO - Driver (user 5) status updated to BUSY
2026-03-01 15:48:32,944 - app.routes.driver_routes - INFO - Driver (user 5) status updated to BUSY
2026-03-01 15:48:36,545 - app.routes.driver_routes - INFO - Driver (user 5) status updated to OFFLINE
2026-03-01 15:48:36,545 - app.routes.driver_routes - INFO - Driver (user 5) status updated to OFFLINE
2026-03-01 15:48:40,254 - app.routes.driver_routes - INFO - Driver (user 5) status updated to AVAILABLE
2026-03-01 15:48:40,254 - app.routes.driver_routes - INFO - Driver (user 5) status updated to AVAILABLE
2026-03-01 15:50:02,918 - app.routes.driver_routes - INFO - Driver (user 5) status updated to OFFLINE
2026-03-01 15:50:02,918 - app.routes.driver_routes - INFO - Driver (user 5) status updated to OFFLINE
2026-03-01 15:55:22,741 - app - INFO - Database connected successfully
2026-03-01 15:55:23,603 - app - INFO - Database connected successfully
2026-03-01 15:58:33,630 - app.services.auth_service - INFO - User registered: alice@test.com
2026-03-01 15:58:33,630 - app.services.auth_service - INFO - User registered: alice@test.com
2026-03-01 15:58:40,917 - app.services.auth_service - INFO - User logged in: alice@test.com
2026-03-01 15:58:40,917 - app.services.auth_service - INFO - User logged in: alice@test.com
2026-03-01 15:59:04,654 - app.services.ride_service - INFO - Ride requested: 6 by user 7
2026-03-01 15:59:04,654 - app.services.ride_service - INFO - Ride requested: 6 by user 7
2026-03-01 16:00:30,686 - app.services.auth_service - INFO - User registered: bob@test.com
2026-03-01 16:00:30,686 - app.services.auth_service - INFO - User registered: bob@test.com
2026-03-01 16:00:39,805 - app.services.auth_service - INFO - User logged in: bob@test.com
2026-03-01 16:00:39,805 - app.services.auth_service - INFO - User logged in: bob@test.com
2026-03-01 16:06:24,823 - app - INFO - Database connected successfully
2026-03-01 16:06:44,053 - app - INFO - Database connected successfully
2026-03-01 16:06:44,801 - app - INFO - Database connected successfully
2026-03-01 16:12:35,198 - app - INFO - Database connected successfully
2026-03-01 16:12:49,714 - app - INFO - Database connected successfully
2026-03-01 16:12:50,490 - app - INFO - Database connected successfully
2026-03-01 16:16:12,630 - app - INFO - Database connected successfully
2026-03-01 16:16:13,374 - app - INFO - Database connected successfully
2026-03-01 16:16:19,111 - app.services.ride_service - INFO - Ride 6 accepted by driver 2
2026-03-01 16:16:19,111 - app.services.ride_service - INFO - Ride 6 accepted by driver 2
2026-03-01 16:19:36,430 - app - INFO - Database connected successfully
2026-03-01 16:20:32,109 - app.services.eco_service - INFO - Eco score updated for user 7: +20
2026-03-01 16:20:32,109 - app.services.eco_service - INFO - Eco score updated for user 7: +20
2026-03-01 16:20:32,111 - app.services.ride_service - INFO - Ride 6 completed
2026-03-01 16:20:32,111 - app.services.ride_service - INFO - Ride 6 completed
2026-03-01 16:28:34,031 - app.services.auth_service - INFO - User registered: sachin@gmail.com
2026-03-01 16:28:34,031 - app.services.auth_service - INFO - User registered: sachin@gmail.com
2026-03-01 16:28:56,049 - app.services.auth_service - INFO - User logged in: sachin@gmail.com
2026-03-01 16:28:56,049 - app.services.auth_service - INFO - User logged in: sachin@gmail.com
2026-03-01 16:29:26,830 - app.services.auth_service - INFO - User registered: mayur@gmail.com
2026-03-01 16:29:26,830 - app.services.auth_service - INFO - User registered: mayur@gmail.com
2026-03-01 16:29:43,375 - app.services.auth_service - INFO - User logged in: mayur@gmail.com
2026-03-01 16:29:43,375 - app.services.auth_service - INFO - User logged in: mayur@gmail.com
2026-03-01 16:31:56,585 - app - INFO - Database connected successfully
2026-03-01 16:34:05,874 - app - INFO - Database connected successfully
2026-03-01 16:42:03,107 - app - INFO - Database connected successfully
2026-03-01 16:44:29,387 - app.services.auth_service - INFO - Driver and vehicle registered for user 3
2026-03-01 16:44:29,387 - app.services.auth_service - INFO - Driver and vehicle registered for user 3
2026-03-01 16:44:29,392 - app.services.auth_service - INFO - User registered: rahul@gmail.com
2026-03-01 16:44:29,392 - app.services.auth_service - INFO - User registered: rahul@gmail.com
2026-03-01 16:44:45,275 - app.services.auth_service - INFO - User logged in: rahul@gmail.com
2026-03-01 16:44:45,275 - app.services.auth_service - INFO - User logged in: rahul@gmail.com
2026-03-01 16:45:25,326 - app.services.auth_service - INFO - User logged in: sachin@gmail.com
2026-03-01 16:45:25,326 - app.services.auth_service - INFO - User logged in: sachin@gmail.com
2026-03-01 16:45:44,268 - app.services.ride_service - INFO - Ride requested: 1 by user 1
2026-03-01 16:45:44,268 - app.services.ride_service - INFO - Ride requested: 1 by user 1
2026-03-01 16:46:13,826 - app.services.auth_service - INFO - User logged in: rahul@gmail.com
2026-03-01 16:46:13,826 - app.services.auth_service - INFO - User logged in: rahul@gmail.com
2026-03-01 16:46:39,241 - app.services.ride_service - INFO - Ride 1 accepted by driver 1
2026-03-01 16:46:39,241 - app.services.ride_service - INFO - Ride 1 accepted by driver 1
2026-03-01 16:47:27,852 - app.services.auth_service - INFO - User logged in: sachin@gmail.com
2026-03-01 16:47:27,852 - app.services.auth_service - INFO - User logged in: sachin@gmail.com
2026-03-01 16:47:50,557 - app.services.eco_service - INFO - Eco score updated for user 1: +100
2026-03-01 16:47:50,557 - app.services.eco_service - INFO - Eco score updated for user 1: +100
2026-03-01 16:47:50,559 - app.services.ride_service - INFO - Ride 1 completed
2026-03-01 16:47:50,559 - app.services.ride_service - INFO - Ride 1 completed
2026-03-01 16:48:31,287 - app.services.auth_service - INFO - User logged in: sachin@gmail.com
2026-03-01 16:48:31,287 - app.services.auth_service - INFO - User logged in: sachin@gmail.com
2026-03-01 16:58:26,936 - app - INFO - Database connected successfully
2026-03-01 16:58:27,693 - app - INFO - Database connected successfully
2026-03-01 16:58:35,131 - app.services.auth_service - INFO - User logged in: rahul@gmail.com
2026-03-01 16:58:35,131 - app.services.auth_service - INFO - User logged in: rahul@gmail.com
2026-03-01 16:59:14,291 - app.services.ride_service - INFO - Ride requested: 2 by user 1
2026-03-01 16:59:14,291 - app.services.ride_service - INFO - Ride requested: 2 by user 1
2026-03-01 16:59:47,586 - app.services.auth_service - INFO - User logged in: sachin@gmail.com
2026-03-01 16:59:47,586 - app.services.auth_service - INFO - User logged in: sachin@gmail.com
2026-03-01 17:02:03,662 - app - INFO - Database connected successfully
2026-03-01 17:02:20,273 - app.services.ride_service - INFO - Ride 2 cancelled by user 1
2026-03-01 17:02:20,273 - app.services.ride_service - INFO - Ride 2 cancelled by user 1
2026-03-01 17:02:26,312 - app.services.ride_service - INFO - Ride requested: 3 by user 1
2026-03-01 17:02:26,312 - app.services.ride_service - INFO - Ride requested: 3 by user 1
2026-03-01 17:02:44,015 - app.services.auth_service - INFO - User logged in: rahul@gmail.com
2026-03-01 17:02:44,015 - app.services.auth_service - INFO - User logged in: rahul@gmail.com
2026-03-01 17:02:49,033 - app.services.ride_service - INFO - Ride 3 accepted by driver 1
2026-03-01 17:02:49,033 - app.services.ride_service - INFO - Ride 3 accepted by driver 1
2026-03-01 17:03:17,689 - app.services.eco_service - INFO - Eco score updated for user 1: +200
2026-03-01 17:03:17,689 - app.services.eco_service - INFO - Eco score updated for user 1: +200
2026-03-01 17:03:17,690 - app.services.ride_service - INFO - Ride 3 completed
2026-03-01 17:03:17,690 - app.services.ride_service - INFO - Ride 3 completed
2026-03-01 17:03:59,201 - app.services.auth_service - INFO - User logged in: sachin@gmail.com
2026-03-01 17:03:59,201 - app.services.auth_service - INFO - User logged in: sachin@gmail.com
2026-03-01 17:16:06,472 - app - INFO - Database connected successfully
2026-03-01 17:16:07,196 - app - INFO - Database connected successfully
2026-03-01 17:16:21,757 - app.services.auth_service - INFO - User logged in: sachin@gmail.com
2026-03-01 17:16:21,757 - app.services.auth_service - INFO - User logged in: sachin@gmail.com
2026-03-01 17:16:47,082 - app.services.auth_service - INFO - User logged in: rahul@gmail.com
2026-03-01 17:16:47,082 - app.services.auth_service - INFO - User logged in: rahul@gmail.com
2026-03-01 17:17:09,620 - app.services.ride_service - INFO - Ride requested: 4 by user 1
2026-03-01 17:17:09,620 - app.services.ride_service - INFO - Ride requested: 4 by user 1
2026-03-01 17:17:48,018 - app.services.ride_service - INFO - Ride 4 accepted by driver 1
2026-03-01 17:17:48,018 - app.services.ride_service - INFO - Ride 4 accepted by driver 1
2026-03-01 17:18:26,903 - app.services.auth_service - INFO - User logged in: sachin@gmail.com
2026-03-01 17:18:26,903 - app.services.auth_service - INFO - User logged in: sachin@gmail.com
2026-03-01 17:18:36,559 - app.services.eco_service - INFO - Eco score updated for user 1: +200
2026-03-01 17:18:36,559 - app.services.eco_service - INFO - Eco score updated for user 1: +200
2026-03-01 17:18:36,561 - app.services.ride_service - INFO - Ride 4 completed
2026-03-01 17:18:36,561 - app.services.ride_service - INFO - Ride 4 completed
2026-03-01 17:25:52,494 - app - INFO - Database connected successfully
2026-03-01 17:25:53,160 - app - INFO - Database connected successfully
2026-03-01 17:27:32,706 - app.services.auth_service - INFO - User logged in: mayur@gmail.com
2026-03-01 17:27:32,706 - app.services.auth_service - INFO - User logged in: mayur@gmail.com
2026-03-01 17:34:31,958 - app.services.auth_service - INFO - User logged in: mayur@gmail.com
2026-03-01 17:34:31,958 - app.services.auth_service - INFO - User logged in: mayur@gmail.com
2026-03-01 17:39:18,651 - app.services.auth_service - INFO - User logged in: sachin@gmail.com
2026-03-01 17:39:18,651 - app.services.auth_service - INFO - User logged in: sachin@gmail.com
2026-03-01 17:40:28,662 - app.services.auth_service - INFO - User logged in: rahul@gmail.com
2026-03-01 17:40:28,662 - app.services.auth_service - INFO - User logged in: rahul@gmail.com
2026-03-01 17:49:01,283 - app.services.auth_service - INFO - User logged in: sachin@gmail.com
2026-03-01 17:49:01,283 - app.services.auth_service - INFO - User logged in: sachin@gmail.com
